Traceback (most recent call last):
  File "C:\Users\savan\OneDrive\Desktop\something_crazy\backend\.venv\Lib\site-packages\sqlalchemy\engine\base.py", line 143, in __init__
    self._dbapi_connection = engine.raw_connection()
                             ~~~~~~~~~~~~~~~~~~~~~^^
  File "C:\Users\savan\OneDrive\Desktop\something_crazy\backend\.venv\Lib\site-packages\sqlalchemy\engine\base.py", line 3309, in raw_connection
    return self.pool.connect()
           ~~~~~~~~~~~~~~~~~^^
  File "C:\Users\savan\OneDrive\Desktop\something_crazy\backend\.venv\Lib\site-packages\sqlalchemy\pool\base.py", line 447, in connect
    return _ConnectionFairy._checkout(self)
           ~~~~~~~~~~~~~~~~~~~~~~~~~~^^^^^^
  File "C:\Users\savan\OneDrive\Desktop\something_crazy\backend\.venv\Lib\site-packages\sqlalchemy\pool\base.py", line 1264, in _checkout
    fairy = _ConnectionRecord.checkout(pool)
  File "C:\Users\savan\OneDrive\Desktop\something_crazy\backend\.venv\Lib\site-packages\sqlalchemy\pool\base.py", line 711, in checkout
    rec = pool._do_get()
  File "C:\Users\savan\OneDrive\Desktop\something_crazy\backend\.venv\Lib\site-packages\sqlalchemy\pool\impl.py", line 306, in _do_get
    return self._create_connection()
           ~~~~~~~~~~~~~~~~~~~~~~~^^
  File "C:\Users\savan\OneDrive\Desktop\something_crazy\backend\.venv\Lib\site-packages\sqlalchemy\pool\base.py", line 388, in _create_connection
    return _ConnectionRecord(self)
  File "C:\Users\savan\OneDrive\Desktop\something_crazy\backend\.venv\Lib\site-packages\sqlalchemy\pool\base.py", line 673, in __init__
    self.__connect()
    ~~~~~~~~~~~~~~^^
  File "C:\Users\savan\OneDrive\Desktop\something_crazy\backend\.venv\Lib\site-packages\sqlalchemy\pool\base.py", line 899, in __connect
    with util.safe_reraise():
         ~~~~~~~~~~~~~~~~~^^
  File "C:\Users\savan\OneDrive\Desktop\something_crazy\backend\.venv\Lib\site-packages\sqlalchemy\util\langhelpers.py", line 224, in __exit__
    raise exc_value.with_traceback(exc_tb)
  File "C:\Users\savan\OneDrive\Desktop\something_crazy\backend\.venv\Lib\site-packages\sqlalchemy\pool\base.py", line 895, in __connect
    self.dbapi_connection = connection = pool._invoke_creator(self)
                                         ~~~~~~~~~~~~~~~~~~~~^^^^^^
  File "C:\Users\savan\OneDrive\Desktop\something_crazy\backend\.venv\Lib\site-packages\sqlalchemy\engine\create.py", line 661, in connect
    return dialect.connect(*cargs, **cparams)
           ~~~~~~~~~~~~~~~^^^^^^^^^^^^^^^^^^^
  File "C:\Users\savan\OneDrive\Desktop\something_crazy\backend\.venv\Lib\site-packages\sqlalchemy\engine\default.py", line 630, in connect
    return self.loaded_dbapi.connect(*cargs, **cparams)  # type: ignore[no-any-return]  # NOQA: E501
           ~~~~~~~~~~~~~~~~~~~~~~~~~^^^^^^^^^^^^^^^^^^^
  File "C:\Users\savan\OneDrive\Desktop\something_crazy\backend\.venv\Lib\site-packages\psycopg2\__init__.py", line 135, in connect
    conn = _connect(dsn, connection_factory=connection_factory, **kwasync)
psycopg2.OperationalError: could not translate host name "db.tqccsavbusvwrzgwecuu.supabase.co" to address: Name or service not known
System.Management.Automation.RemoteException
System.Management.Automation.RemoteException
The above exception was the direct cause of the following exception:
System.Management.Automation.RemoteException
Traceback (most recent call last):
  File "<frozen runpy>", line 198, in _run_module_as_main
  File "<frozen runpy>", line 88, in _run_code
  File "C:\Users\savan\OneDrive\Desktop\something_crazy\backend\.venv\Lib\site-packages\alembic\__main__.py", line 4, in <module>
    main(prog="alembic")
    ~~~~^^^^^^^^^^^^^^^^
  File "C:\Users\savan\OneDrive\Desktop\something_crazy\backend\.venv\Lib\site-packages\alembic\config.py", line 1047, in main
    CommandLine(prog=prog).main(argv=argv)
    ~~~~~~~~~~~~~~~~~~~~~~~~~~~^^^^^^^^^^^
  File "C:\Users\savan\OneDrive\Desktop\something_crazy\backend\.venv\Lib\site-packages\alembic\config.py", line 1037, in main
    self.run_cmd(cfg, options)
    ~~~~~~~~~~~~^^^^^^^^^^^^^^
  File "C:\Users\savan\OneDrive\Desktop\something_crazy\backend\.venv\Lib\site-packages\alembic\config.py", line 971, in run_cmd
    fn(
    ~~^
        config,
        ^^^^^^^
        *[getattr(options, k, None) for k in positional],
        ^^^^^^^^^^^^^^^^^^^^^^^^^^^^^^^^^^^^^^^^^^^^^^^^^
        **{k: getattr(options, k, None) for k in kwarg},
        ^^^^^^^^^^^^^^^^^^^^^^^^^^^^^^^^^^^^^^^^^^^^^^^^
    )
    ^
  File "C:\Users\savan\OneDrive\Desktop\something_crazy\backend\.venv\Lib\site-packages\alembic\command.py", line 483, in upgrade
    script.run_env()
    ~~~~~~~~~~~~~~^^
  File "C:\Users\savan\OneDrive\Desktop\something_crazy\backend\.venv\Lib\site-packages\alembic\script\base.py", line 545, in run_env
    util.load_python_file(self.dir, "env.py")
    ~~~~~~~~~~~~~~~~~~~~~^^^^^^^^^^^^^^^^^^^^
  File "C:\Users\savan\OneDrive\Desktop\something_crazy\backend\.venv\Lib\site-packages\alembic\util\pyfiles.py", line 116, in load_python_file
    module = load_module_py(module_id, path)
  File "C:\Users\savan\OneDrive\Desktop\something_crazy\backend\.venv\Lib\site-packages\alembic\util\pyfiles.py", line 136, in load_module_py
    spec.loader.exec_module(module)  # type: ignore
    ~~~~~~~~~~~~~~~~~~~~~~~^^^^^^^^
  File "<frozen importlib._bootstrap_external>", line 759, in exec_module
  File "<frozen importlib._bootstrap>", line 491, in _call_with_frames_removed
  File "C:\Users\savan\OneDrive\Desktop\something_crazy\backend\alembic\env.py", line 70, in <module>
    run_migrations_online()
    ~~~~~~~~~~~~~~~~~~~~~^^
  File "C:\Users\savan\OneDrive\Desktop\something_crazy\backend\alembic\env.py", line 58, in run_migrations_online
    with connectable.connect() as connection:
         ~~~~~~~~~~~~~~~~~~~^^
  File "C:\Users\savan\OneDrive\Desktop\something_crazy\backend\.venv\Lib\site-packages\sqlalchemy\engine\base.py", line 3285, in connect
    return self._connection_cls(self)
           ~~~~~~~~~~~~~~~~~~~~^^^^^^
  File "C:\Users\savan\OneDrive\Desktop\something_crazy\backend\.venv\Lib\site-packages\sqlalchemy\engine\base.py", line 145, in __init__
    Connection._handle_dbapi_exception_noconnection(
    ~~~~~~~~~~~~~~~~~~~~~~~~~~~~~~~~~~~~~~~~~~~~~~~^
        err, dialect, engine
        ^^^^^^^^^^^^^^^^^^^^
    )
    ^
  File "C:\Users\savan\OneDrive\Desktop\something_crazy\backend\.venv\Lib\site-packages\sqlalchemy\engine\base.py", line 2448, in _handle_dbapi_exception_noconnection
    raise sqlalchemy_exception.with_traceback(exc_info[2]) from e
  File "C:\Users\savan\OneDrive\Desktop\something_crazy\backend\.venv\Lib\site-packages\sqlalchemy\engine\base.py", line 143, in __init__
    self._dbapi_connection = engine.raw_connection()
                             ~~~~~~~~~~~~~~~~~~~~~^^
  File "C:\Users\savan\OneDrive\Desktop\something_crazy\backend\.venv\Lib\site-packages\sqlalchemy\engine\base.py", line 3309, in raw_connection
    return self.pool.connect()
           ~~~~~~~~~~~~~~~~~^^
  File "C:\Users\savan\OneDrive\Desktop\something_crazy\backend\.venv\Lib\site-packages\sqlalchemy\pool\base.py", line 447, in connect
    return _ConnectionFairy._checkout(self)
           ~~~~~~~~~~~~~~~~~~~~~~~~~~^^^^^^
  File "C:\Users\savan\OneDrive\Desktop\something_crazy\backend\.venv\Lib\site-packages\sqlalchemy\pool\base.py", line 1264, in _checkout
    fairy = _ConnectionRecord.checkout(pool)
  File "C:\Users\savan\OneDrive\Desktop\something_crazy\backend\.venv\Lib\site-packages\sqlalchemy\pool\base.py", line 711, in checkout
    rec = pool._do_get()
  File "C:\Users\savan\OneDrive\Desktop\something_crazy\backend\.venv\Lib\site-packages\sqlalchemy\pool\impl.py", line 306, in _do_get
    return self._create_connection()
           ~~~~~~~~~~~~~~~~~~~~~~~^^
  File "C:\Users\savan\OneDrive\Desktop\something_crazy\backend\.venv\Lib\site-packages\sqlalchemy\pool\base.py", line 388, in _create_connection
    return _ConnectionRecord(self)
  File "C:\Users\savan\OneDrive\Desktop\something_crazy\backend\.venv\Lib\site-packages\sqlalchemy\pool\base.py", line 673, in __init__
    self.__connect()
    ~~~~~~~~~~~~~~^^
  File "C:\Users\savan\OneDrive\Desktop\something_crazy\backend\.venv\Lib\site-packages\sqlalchemy\pool\base.py", line 899, in __connect
    with util.safe_reraise():
         ~~~~~~~~~~~~~~~~~^^
  File "C:\Users\savan\OneDrive\Desktop\something_crazy\backend\.venv\Lib\site-packages\sqlalchemy\util\langhelpers.py", line 224, in __exit__
    raise exc_value.with_traceback(exc_tb)
  File "C:\Users\savan\OneDrive\Desktop\something_crazy\backend\.venv\Lib\site-packages\sqlalchemy\pool\base.py", line 895, in __connect
    self.dbapi_connection = connection = pool._invoke_creator(self)
                                         ~~~~~~~~~~~~~~~~~~~~^^^^^^
  File "C:\Users\savan\OneDrive\Desktop\something_crazy\backend\.venv\Lib\site-packages\sqlalchemy\engine\create.py", line 661, in connect
    return dialect.connect(*cargs, **cparams)
           ~~~~~~~~~~~~~~~^^^^^^^^^^^^^^^^^^^
  File "C:\Users\savan\OneDrive\Desktop\something_crazy\backend\.venv\Lib\site-packages\sqlalchemy\engine\default.py", line 630, in connect
    return self.loaded_dbapi.connect(*cargs, **cparams)  # type: ignore[no-any-return]  # NOQA: E501
           ~~~~~~~~~~~~~~~~~~~~~~~~~^^^^^^^^^^^^^^^^^^^
  File "C:\Users\savan\OneDrive\Desktop\something_crazy\backend\.venv\Lib\site-packages\psycopg2\__init__.py", line 135, in connect
    conn = _connect(dsn, connection_factory=connection_factory, **kwasync)
sqlalchemy.exc.OperationalError: (psycopg2.OperationalError) could not translate host name "db.tqccsavbusvwrzgwecuu.supabase.co" to address: Name or service not known
System.Management.Automation.RemoteException
(Background on this error at: https://sqlalche.me/e/20/e3q8)
